Total pending IDs: 0

========== Crawl Summary ==========
Total Records Processed: 0
✅ Completed: 0
❌ Errors: 0
==================================

Total pending IDs: 0

========== Crawl Summary ==========
Total Records Processed: 0
✅ Completed: 0
❌ Errors: 0
==================================

Total pending IDs: 0

========== Crawl Summary ==========
Total Records Processed: 0
✅ Completed: 0
❌ Errors: 0
==================================

Total pending IDs: 0

========== Crawl Summary ==========
Total Records Processed: 0
✅ Completed: 0
❌ Errors: 0
==================================

Total pending IDs: 0

========== Crawl Summary ==========
Total Records Processed: 0
✅ Completed: 0
❌ Errors: 0
==================================

Total pending IDs: 0

========== Crawl Summary ==========
Total Records Processed: 0
✅ Completed: 0
❌ Errors: 0
==================================

